<?xml version="1.0" encoding="UTF-8"?>
<testsuite name="com.anhtuan.exercise.basic.Bai1Test" tests="1" skipped="0" failures="0" errors="0" timestamp="2023-02-02T07:00:54" hostname="DESKTOP-OQJ2GQ1" time="0.033">
  <properties/>
  <testcase name="testXuLyUocChungLonNhat()" classname="com.anhtuan.exercise.basic.Bai1Test" time="0.033"/>
  <system-out><![CDATA[]]></system-out>
  <system-err><![CDATA[]]></system-err>
</testsuite>
